<?xml version="1.0" encoding="UTF-8"?>
<!-- Generated by org.testng.reporters.JUnitReportReporter -->
<testsuite hostname="DESKTOP-LIN9UEG" failures="0" tests="3" name="com.tests.FirefoxTest" time="6.656" errors="0" timestamp="2024-06-05T08:00:42 IST" skipped="0">
  <testcase classname="com.tests.FirefoxTest" name="testTitle" time="0.043"/>
  <testcase classname="com.tests.FirefoxTest" name="clickOffers" time="3.693"/>
  <testcase classname="com.tests.FirefoxTest" name="clickOrders" time="2.920"/>
</testsuite> <!-- com.tests.FirefoxTest -->
