<?xml version="1.0" encoding="UTF-8"?>
<!-- Generated by org.testng.reporters.JUnitReportReporter -->
<testsuite hostname="DESKTOP-LIN9UEG" failures="0" tests="3" name="com.tests.ChromeTest" time="6.003" errors="0" timestamp="2024-06-05T08:00:42 IST" skipped="0">
  <testcase classname="com.tests.ChromeTest" name="testTitle" time="0.456"/>
  <testcase classname="com.tests.ChromeTest" name="clickOffers" time="2.473"/>
  <testcase classname="com.tests.ChromeTest" name="clickOrders" time="3.074"/>
</testsuite> <!-- com.tests.ChromeTest -->
